<?xml version="1.0" encoding="utf-8" standalone="no"?>
<test-run id="2" testcasecount="4" result="Passed" total="4" passed="4" failed="0" inconclusive="0" skipped="0" asserts="4" engine-version="3.4.0.0" clr-version="4.0.30319.42000" start-time="2019-04-03 13:05:35Z" end-time="2019-04-03 13:05:35Z" duration="0.213259">
  <command-line><![CDATA[/Users/i.stepanov/RiderProjects/Toolbox/tools/NUnit.ConsoleRunner.3.4.0/tools/nunit3-console.exe /Users/i.stepanov/RiderProjects/Toolbox/Tests/bin/Release/Tests.dll]]></command-line>
  <test-suite type="Assembly" id="0-1005" name="Tests.dll" fullname="Tests.dll" runstate="Runnable" testcasecount="4" result="Passed" start-time="2019-04-03 13:05:35Z" end-time="2019-04-03 13:05:35Z" duration="0.083681" total="4" passed="4" failed="0" warnings="0" inconclusive="0" skipped="0" asserts="4">
    <environment framework-version="3.11.0.0" clr-version="4.0.30319.42000" os-version="MacOSX 18.2.0.0" platform="Unix" cwd="/Users/i.stepanov/RiderProjects/Toolbox" machine-name="IStepanovMacBook" user="i.stepanov" user-domain="IStepanovMacBook" culture="en-US" uiculture="en-US" os-architecture="x64" />
    <settings>
      <setting name="WorkDirectory" value="/Users/i.stepanov/RiderProjects/Toolbox" />
      <setting name="ImageRuntimeVersion" value="4.0.30319" />
      <setting name="ImageTargetFrameworkName" value=".NETFramework,Version=v4.7.1" />
      <setting name="ImageRequiresX86" value="False" />
      <setting name="ImageRequiresDefaultAppDomainAssemblyResolver" value="False" />
      <setting name="NumberOfTestWorkers" value="4" />
    </settings>
    <properties>
      <property name="_PID" value="17831" />
      <property name="_APPDOMAIN" value="test-domain-" />
    </properties>
    <test-suite type="TestSuite" id="0-1006" name="Tests" fullname="Tests" runstate="Runnable" testcasecount="4" result="Passed" start-time="2019-04-03 13:05:35Z" end-time="2019-04-03 13:05:35Z" duration="0.056035" total="4" passed="4" failed="0" warnings="0" inconclusive="0" skipped="0" asserts="4">
      <test-suite type="TestSuite" id="0-1007" name="Matching" fullname="Tests.Matching" runstate="Runnable" testcasecount="4" result="Passed" start-time="2019-04-03 13:05:35Z" end-time="2019-04-03 13:05:35Z" duration="0.055553" total="4" passed="4" failed="0" warnings="0" inconclusive="0" skipped="0" asserts="4">
        <test-suite type="TestFixture" id="0-1000" name="MatchExpressionTests" fullname="Tests.Matching.MatchExpressionTests" classname="Tests.Matching.MatchExpressionTests" runstate="Runnable" testcasecount="4" result="Passed" start-time="2019-04-03 13:05:35Z" end-time="2019-04-03 13:05:35Z" duration="0.051400" total="4" passed="4" failed="0" warnings="0" inconclusive="0" skipped="0" asserts="4">
          <test-case id="0-1001" name="WhenFirstConditionMatches_AndOtherChecksExist_ThenShouldReturnNull" fullname="Tests.Matching.MatchExpressionTests.WhenFirstConditionMatches_AndOtherChecksExist_ThenShouldReturnNull" methodname="WhenFirstConditionMatches_AndOtherChecksExist_ThenShouldReturnNull" classname="Tests.Matching.MatchExpressionTests" runstate="Runnable" seed="329491040" result="Passed" start-time="2019-04-03 13:05:35Z" end-time="2019-04-03 13:05:35Z" duration="0.020619" asserts="1" />
          <test-case id="0-1003" name="WhenNothingMatches_AndDefaultValueIsSet_ThenShouldReturnDefault" fullname="Tests.Matching.MatchExpressionTests.WhenNothingMatches_AndDefaultValueIsSet_ThenShouldReturnDefault" methodname="WhenNothingMatches_AndDefaultValueIsSet_ThenShouldReturnDefault" classname="Tests.Matching.MatchExpressionTests" runstate="Runnable" seed="1785590835" result="Passed" start-time="2019-04-03 13:05:35Z" end-time="2019-04-03 13:05:35Z" duration="0.009098" asserts="1" />
          <test-case id="0-1002" name="WhenSecondConditionMatches_AndFirstIsWrong_ThenShouldReturnNull" fullname="Tests.Matching.MatchExpressionTests.WhenSecondConditionMatches_AndFirstIsWrong_ThenShouldReturnNull" methodname="WhenSecondConditionMatches_AndFirstIsWrong_ThenShouldReturnNull" classname="Tests.Matching.MatchExpressionTests" runstate="Runnable" seed="352455099" result="Passed" start-time="2019-04-03 13:05:35Z" end-time="2019-04-03 13:05:35Z" duration="0.001087" asserts="1" />
          <test-case id="0-1004" name="WhenTypeMatches_AndAdditionalConditionDont_ThenShouldReturnNull" fullname="Tests.Matching.MatchExpressionTests.WhenTypeMatches_AndAdditionalConditionDont_ThenShouldReturnNull" methodname="WhenTypeMatches_AndAdditionalConditionDont_ThenShouldReturnNull" classname="Tests.Matching.MatchExpressionTests" runstate="Runnable" seed="883540281" result="Passed" start-time="2019-04-03 13:05:35Z" end-time="2019-04-03 13:05:35Z" duration="0.001164" asserts="1" />
        </test-suite>
      </test-suite>
    </test-suite>
  </test-suite>
</test-run>