<?xml version="1.0" encoding="utf-8" standalone="no"?>
<test-run id="2" testcasecount="4" result="Passed" total="4" passed="4" failed="0" inconclusive="0" skipped="0" asserts="4" engine-version="3.4.0.0" clr-version="4.0.30319.42000" start-time="2019-04-01 16:16:56Z" end-time="2019-04-01 16:16:57Z" duration="0.108072">
  <command-line><![CDATA["E:/git/Toolbox/tools/NUnit.ConsoleRunner.3.4.0/tools/nunit3-console.exe" "E:/git/Toolbox/Tests/bin/Release/Tests.dll"]]></command-line>
  <test-suite type="Assembly" id="0-1005" name="Tests.dll" fullname="Tests.dll" runstate="Runnable" testcasecount="4" result="Passed" start-time="2019-04-01 16:16:57Z" end-time="2019-04-01 16:16:57Z" duration="0.056201" total="4" passed="4" failed="0" warnings="0" inconclusive="0" skipped="0" asserts="4">
    <environment framework-version="3.11.0.0" clr-version="4.0.30319.42000" os-version="Microsoft Windows NT 6.3.9600" platform="Win32NT" cwd="E:\git\Toolbox" machine-name="ISTEPANOV" user="i.stepanov" user-domain="PLARIUM" culture="ru-RU" uiculture="ru-RU" os-architecture="x64" />
    <settings>
      <setting name="WorkDirectory" value="E:\git\Toolbox" />
      <setting name="ImageRuntimeVersion" value="4.0.30319" />
      <setting name="ImageTargetFrameworkName" value=".NETFramework,Version=v4.7.1" />
      <setting name="ImageRequiresX86" value="False" />
      <setting name="ImageRequiresDefaultAppDomainAssemblyResolver" value="False" />
      <setting name="NumberOfTestWorkers" value="4" />
    </settings>
    <properties>
      <property name="_PID" value="3300" />
      <property name="_APPDOMAIN" value="test-domain-" />
    </properties>
    <test-suite type="TestSuite" id="0-1006" name="Tests" fullname="Tests" runstate="Runnable" testcasecount="4" result="Passed" start-time="2019-04-01 16:16:57Z" end-time="2019-04-01 16:16:57Z" duration="0.035984" total="4" passed="4" failed="0" warnings="0" inconclusive="0" skipped="0" asserts="4">
      <test-suite type="TestSuite" id="0-1007" name="Matching" fullname="Tests.Matching" runstate="Runnable" testcasecount="4" result="Passed" start-time="2019-04-01 16:16:57Z" end-time="2019-04-01 16:16:57Z" duration="0.035510" total="4" passed="4" failed="0" warnings="0" inconclusive="0" skipped="0" asserts="4">
        <test-suite type="TestFixture" id="0-1000" name="MatchExpressionTests" fullname="Tests.Matching.MatchExpressionTests" classname="Tests.Matching.MatchExpressionTests" runstate="Runnable" testcasecount="4" result="Passed" start-time="2019-04-01 16:16:57Z" end-time="2019-04-01 16:16:57Z" duration="0.031248" total="4" passed="4" failed="0" warnings="0" inconclusive="0" skipped="0" asserts="4">
          <test-case id="0-1001" name="WhenFirstConditionMatches_AndOtherChecksExist_ThenShouldReturnNull" fullname="Tests.Matching.MatchExpressionTests.WhenFirstConditionMatches_AndOtherChecksExist_ThenShouldReturnNull" methodname="WhenFirstConditionMatches_AndOtherChecksExist_ThenShouldReturnNull" classname="Tests.Matching.MatchExpressionTests" runstate="Runnable" seed="1670846252" result="Passed" start-time="2019-04-01 16:16:57Z" end-time="2019-04-01 16:16:57Z" duration="0.010478" asserts="1" />
          <test-case id="0-1003" name="WhenNothingMatches_AndDefaultValueIsSet_ThenShouldReturnDefault" fullname="Tests.Matching.MatchExpressionTests.WhenNothingMatches_AndDefaultValueIsSet_ThenShouldReturnDefault" methodname="WhenNothingMatches_AndDefaultValueIsSet_ThenShouldReturnDefault" classname="Tests.Matching.MatchExpressionTests" runstate="Runnable" seed="751536730" result="Passed" start-time="2019-04-01 16:16:57Z" end-time="2019-04-01 16:16:57Z" duration="0.007800" asserts="1" />
          <test-case id="0-1002" name="WhenSecondConditionMatches_AndFirstIsWrong_ThenShouldReturnNull" fullname="Tests.Matching.MatchExpressionTests.WhenSecondConditionMatches_AndFirstIsWrong_ThenShouldReturnNull" methodname="WhenSecondConditionMatches_AndFirstIsWrong_ThenShouldReturnNull" classname="Tests.Matching.MatchExpressionTests" runstate="Runnable" seed="1732568596" result="Passed" start-time="2019-04-01 16:16:57Z" end-time="2019-04-01 16:16:57Z" duration="0.000749" asserts="1" />
          <test-case id="0-1004" name="WhenTypeMatches_AndAdditionalConditionDont_ThenShouldReturnNull" fullname="Tests.Matching.MatchExpressionTests.WhenTypeMatches_AndAdditionalConditionDont_ThenShouldReturnNull" methodname="WhenTypeMatches_AndAdditionalConditionDont_ThenShouldReturnNull" classname="Tests.Matching.MatchExpressionTests" runstate="Runnable" seed="1946905968" result="Passed" start-time="2019-04-01 16:16:57Z" end-time="2019-04-01 16:16:57Z" duration="0.000716" asserts="1" />
        </test-suite>
      </test-suite>
    </test-suite>
  </test-suite>
</test-run>